ParseStarterProject/build/intermediates/manifest_merge_blame_file/debug/manifest-merger-blame-debug-report.txt
1<?xml version="1.0" encoding="utf-8"?>
2<manifest xmlns:android="http://schemas.android.com/apk/res/android"
3    package="com.parse.starter"
4    android:versionCode="1"
5    android:versionName="1.0" >
6
7    <uses-sdk
8        android:minSdkVersion="23"
8-->src\main\AndroidManifest.xml
9        android:targetSdkVersion="29" />
9-->src\main\AndroidManifest.xml
10
11    <uses-permission android:name="android.permission.READ_EXTERNAL_STORAGE" />
11-->src\main\AndroidManifest.xml:24:5-80
11-->src\main\AndroidManifest.xml:24:22-77
12    <uses-permission android:name="android.permission.ACCESS_FINE_LOCATION" />
12-->src\main\AndroidManifest.xml:25:5-79
12-->src\main\AndroidManifest.xml:25:22-76
13    <uses-permission android:name="android.permission.INTERNET" />
13-->src\main\AndroidManifest.xml:26:5-67
13-->src\main\AndroidManifest.xml:26:22-64
14    <uses-permission android:name="android.permission.ACCESS_NETWORK_STATE" />
14-->src\main\AndroidManifest.xml:28:5-79
14-->src\main\AndroidManifest.xml:28:22-76
15
16    <uses-feature
16-->[com.google.android.gms:play-services-maps:17.0.0] AndroidManifest.xml:26:5-28:35
17        android:glEsVersion="0x00020000"
17-->[com.google.android.gms:play-services-maps:17.0.0] AndroidManifest.xml:27:9-41
18        android:required="true" />
18-->[com.google.android.gms:play-services-maps:17.0.0] AndroidManifest.xml:28:9-32
19
20    <application
20-->src\main\AndroidManifest.xml:5:5-23:19
21        android:name="com.parse.starter.StarterApplication"
21-->src\main\AndroidManifest.xml:6:9-43
22        android:allowBackup="true"
22-->src\main\AndroidManifest.xml:7:9-35
23        android:appComponentFactory="androidx.core.app.CoreComponentFactory"
23-->[androidx.core:core:1.1.0] AndroidManifest.xml:24:18-86
24        android:debuggable="true"
25        android:extractNativeLibs="false"
26        android:icon="@mipmap/ic_launcher"
26-->src\main\AndroidManifest.xml:8:9-43
27        android:label="@string/app_name"
27-->src\main\AndroidManifest.xml:9:9-41
28        android:testOnly="true"
29        android:theme="@style/AppTheme"
29-->src\main\AndroidManifest.xml:10:9-40
30        android:usesCleartextTraffic="true" >
30-->src\main\AndroidManifest.xml:11:9-44
31        <activity android:name="com.parse.starter.chatactivity" />
31-->src\main\AndroidManifest.xml:12:9-59
31-->src\main\AndroidManifest.xml:12:19-47
32        <activity android:name="com.parse.starter.userlist" />
32-->src\main\AndroidManifest.xml:13:9-46
32-->src\main\AndroidManifest.xml:13:19-43
33        <activity
33-->src\main\AndroidManifest.xml:14:9-22:20
34            android:name="com.parse.starter.MainActivity"
34-->src\main\AndroidManifest.xml:15:13-41
35            android:label="@string/app_name" >
35-->src\main\AndroidManifest.xml:16:13-45
36            <intent-filter>
36-->src\main\AndroidManifest.xml:17:13-21:29
37                <action android:name="android.intent.action.MAIN" />
37-->src\main\AndroidManifest.xml:18:17-69
37-->src\main\AndroidManifest.xml:18:25-66
38
39                <category android:name="android.intent.category.LAUNCHER" />
39-->src\main\AndroidManifest.xml:20:17-77
39-->src\main\AndroidManifest.xml:20:27-74
40            </intent-filter>
41        </activity>
42        <!-- Needs to be explicitly declared on P+ -->
43        <uses-library
43-->[com.google.android.gms:play-services-maps:17.0.0] AndroidManifest.xml:33:9-35:40
44            android:name="org.apache.http.legacy"
44-->[com.google.android.gms:play-services-maps:17.0.0] AndroidManifest.xml:34:13-50
45            android:required="false" />
45-->[com.google.android.gms:play-services-maps:17.0.0] AndroidManifest.xml:35:13-37
46
47        <activity
47-->[com.google.android.gms:play-services-base:17.0.0] AndroidManifest.xml:23:9-26:75
48            android:name="com.google.android.gms.common.api.GoogleApiActivity"
48-->[com.google.android.gms:play-services-base:17.0.0] AndroidManifest.xml:24:13-79
49            android:exported="false"
49-->[com.google.android.gms:play-services-base:17.0.0] AndroidManifest.xml:25:13-37
50            android:theme="@android:style/Theme.Translucent.NoTitleBar" />
50-->[com.google.android.gms:play-services-base:17.0.0] AndroidManifest.xml:26:13-72
51
52        <meta-data
52-->[com.google.android.gms:play-services-basement:17.0.0] AndroidManifest.xml:23:9-25:69
53            android:name="com.google.android.gms.version"
53-->[com.google.android.gms:play-services-basement:17.0.0] AndroidManifest.xml:24:13-58
54            android:value="@integer/google_play_services_version" />
54-->[com.google.android.gms:play-services-basement:17.0.0] AndroidManifest.xml:25:13-66
55    </application>
56
57</manifest>